<?xml version="1.0" encoding="UTF-8"?>
<!-- Generated by org.testng.reporters.JUnitReportReporter -->
<testsuite name="com.ReqResApiAutomation.scripts.APITestCases" tests="1" time="79.854" ignored="4" failures="0" timestamp="05 May 2022 18:28:24 GMT" skipped="0" hostname="MacBook-Air.local" errors="0">
  <testcase name="test4" time="79.854" classname="com.ReqResApiAutomation.scripts.APITestCases"/>
  <testcase name="test3" classname="com.ReqResApiAutomation.scripts.APITestCases">
    <skipped/>
  </testcase> <!-- test3 -->
  <testcase name="test5" classname="com.ReqResApiAutomation.scripts.APITestCases">
    <skipped/>
  </testcase> <!-- test5 -->
  <testcase name="test2" classname="com.ReqResApiAutomation.scripts.APITestCases">
    <skipped/>
  </testcase> <!-- test2 -->
  <testcase name="test1" classname="com.ReqResApiAutomation.scripts.APITestCases">
    <skipped/>
  </testcase> <!-- test1 -->
</testsuite> <!-- com.ReqResApiAutomation.scripts.APITestCases -->
